<?xml version="1.0" encoding="UTF-8"?>
<!-- Generated by org.testng.reporters.JUnitReportReporter -->
<testsuite hostname="Bava" failures="0" tests="3" name="Testrun.Landingrun" time="39.799" errors="0" timestamp="2025-05-29T21:54:19 IST" skipped="0">
  <testcase classname="Testrun.Landingrun" name="verifyLandingFlow" time="5.457"/>
  <testcase classname="Testrun.Landingrun" name="LMS" time="6.673"/>
  <testcase classname="Testrun.Landingrun" name="Menu" time="27.669"/>
</testsuite> <!-- Testrun.Landingrun -->
