<?xml version="1.0" encoding="UTF-8"?>
<!-- Generated by org.testng.reporters.JUnitReportReporter -->
<testsuite hostname="Bava" failures="0" tests="1" name="Testrun.Landingrun" time="18.597" errors="0" timestamp="2025-04-21T11:43:22 IST" skipped="0">
  <testcase classname="Testrun.Landingrun" name="verifyLandingFlow" time="18.597"/>
</testsuite> <!-- Testrun.Landingrun -->
