<?xml version="1.0" encoding="UTF-8"?>
<!-- Generated by org.testng.reporters.JUnitReportReporter -->
<testsuite hostname="Bava" failures="0" tests="3" name="Testrun.Landingrun" time="22.732" errors="0" timestamp="2025-05-25T19:43:54 IST" skipped="0">
  <testcase classname="Testrun.Landingrun" name="verifyLandingFlow" time="9.609"/>
  <testcase classname="Testrun.Landingrun" name="LMS" time="7.058"/>
  <testcase classname="Testrun.Landingrun" name="Menu" time="6.065"/>
</testsuite> <!-- Testrun.Landingrun -->
