<?xml version="1.0" encoding="UTF-8"?>
<!-- Generated by org.testng.reporters.JUnitReportReporter -->
<testsuite hostname="Bava" failures="0" tests="3" name="Testrun.Landingrun" time="39.625" errors="0" timestamp="2025-05-27T21:55:53 IST" skipped="0">
  <testcase classname="Testrun.Landingrun" name="verifyLandingFlow" time="9.752"/>
  <testcase classname="Testrun.Landingrun" name="LMS" time="7.163"/>
  <testcase classname="Testrun.Landingrun" name="Menu" time="22.710"/>
</testsuite> <!-- Testrun.Landingrun -->
