<?xml version="1.0" encoding="UTF-8"?>
<!-- Generated by org.testng.reporters.JUnitReportReporter -->
<testsuite hostname="Bava" failures="0" tests="3" name="Testrun.Landingrun" time="52.558" errors="0" timestamp="2025-05-29T22:21:51 IST" skipped="0">
  <testcase classname="Testrun.Landingrun" name="verifyLandingFlow" time="6.680"/>
  <testcase classname="Testrun.Landingrun" name="LMS" time="7.659"/>
  <testcase classname="Testrun.Landingrun" name="Menu" time="38.219"/>
</testsuite> <!-- Testrun.Landingrun -->
