<?xml version="1.0" encoding="UTF-8"?>
<!-- Generated by org.testng.reporters.JUnitReportReporter -->
<testsuite hostname="Bava" failures="0" tests="2" name="Testrun.Landingrun" time="54.145" errors="0" timestamp="2025-04-22T09:42:07 IST" skipped="0">
  <testcase classname="Testrun.Landingrun" name="verifyLandingFlow" time="25.900"/>
  <testcase classname="Testrun.Landingrun" name="verifyLandingFlow" time="28.245"/>
</testsuite> <!-- Testrun.Landingrun -->
