<?xml version="1.0" encoding="UTF-8"?>
<!-- Generated by org.testng.reporters.JUnitReportReporter -->
<testsuite hostname="Bava" failures="0" tests="4" name="Testrun.Landingrun" time="82.073" errors="0" timestamp="2025-06-04T11:16:27 IST" skipped="0">
  <testcase classname="Testrun.Landingrun" name="verifyLandingFlow" time="5.210"/>
  <testcase classname="Testrun.Landingrun" name="LMS" time="6.603"/>
  <testcase classname="Testrun.Landingrun" name="Menu" time="31.551"/>
  <testcase classname="Testrun.Landingrun" name="ListView" time="38.709"/>
</testsuite> <!-- Testrun.Landingrun -->
