<?xml version="1.0" encoding="UTF-8"?>
<!-- Generated by org.testng.reporters.JUnitReportReporter -->
<testsuite hostname="Bava" failures="0" tests="3" name="Testrun.Landingrun" time="26.290" errors="0" timestamp="2025-05-26T20:26:26 IST" skipped="0">
  <testcase classname="Testrun.Landingrun" name="verifyLandingFlow" time="4.153"/>
  <testcase classname="Testrun.Landingrun" name="LMS" time="7.733"/>
  <testcase classname="Testrun.Landingrun" name="Menu" time="14.404"/>
</testsuite> <!-- Testrun.Landingrun -->
