<?xml version="1.0" encoding="UTF-8"?>
<!-- Generated by org.testng.reporters.JUnitReportReporter -->
<testsuite hostname="Bava" failures="0" tests="4" name="Testrun.Landingrun" time="69.119" errors="0" timestamp="2025-06-03T08:23:45 IST" skipped="0">
  <testcase classname="Testrun.Landingrun" name="verifyLandingFlow" time="8.137"/>
  <testcase classname="Testrun.Landingrun" name="LMS" time="6.410"/>
  <testcase classname="Testrun.Landingrun" name="Menu" time="26.025"/>
  <testcase classname="Testrun.Landingrun" name="ListView" time="28.547"/>
</testsuite> <!-- Testrun.Landingrun -->
